{
  "RSpec": {
    "coverage": {
      "/Users/hungkakin/Project/exe4/lib/Numbers_to_words.rb": [
        1,
        null,
        null,
        null,
        null,
        null,
        null,
        null,
        null,
        null,
        null,
        null,
        null,
        null,
        null,
        null,
        null,
        null,
        null,
        null,
        null,
        null,
        null,
        null,
        null,
        null,
        null,
        null,
        null,
        null,
        null,
        1,
        9,
        7,
        2,
        2,
        null,
        null,
        null,
        1,
        null,
        1,
        9,
        null,
        null,
        1,
        7,
        null,
        null,
        1,
        1,
        1,
        1,
        1,
        1,
        null,
        null,
        1,
        2,
        null,
        null,
        1,
        2,
        null,
        null,
        1,
        2,
        2,
        2,
        2,
        null
      ]
    },
    "timestamp": 1538584072
  }
}
